<?xml version="1.0" encoding="UTF-8"?>
<!-- Generated by org.testng.reporters.JUnitReportReporter -->
<testsuite skipped="0" hostname="Lenovo-PC" name="com.qa.hubspot.test.ContactsPageTest" tests="4" failures="0" timestamp="29 Apr 2020 21:21:56 GMT" time="20.851" errors="0">
  <testcase name="verifyContactsPageTitle" time="0.015" classname="com.qa.hubspot.test.ContactsPageTest"/>
  <testcase name="createNewContactTest" time="7.236" classname="com.qa.hubspot.test.ContactsPageTest"/>
  <testcase name="createNewContactTest" time="7.592" classname="com.qa.hubspot.test.ContactsPageTest"/>
  <testcase name="createNewContactTest" time="6.008" classname="com.qa.hubspot.test.ContactsPageTest"/>
</testsuite> <!-- com.qa.hubspot.test.ContactsPageTest -->
